#
# A fatal error has been detected by the Java Runtime Environment:
#
#  EXCEPTION_ACCESS_VIOLATION (0xc0000005) at pc=0x00007ffab8aec362, pid=50660, tid=133344
#
# JRE version: OpenJDK Runtime Environment (11.0.1+13) (build 11.0.1+13)
# Java VM: OpenJDK 64-Bit Server VM (11.0.1+13, mixed mode, tiered, compressed oops, g1 gc, windows-amd64)
# Problematic frame:
# C  [cscore.dll+0x3c362]
#
# No core dump will be written. Minidumps are not enabled by default on client versions of Windows
#
# If you would like to submit a bug report, please visit:
#   http://bugreport.java.com/bugreport/crash.jsp
# The crash happened outside the Java Virtual Machine in native code.
# See problematic frame for where to report the bug.
#

---------------  S U M M A R Y ------------

Command Line: -agentlib:jdwp=transport=dt_socket,server=n,suspend=y,address=localhost:57382 -Djava.library.path=C:\Users\nick\Desktop\final code 2019\converted\frc code\build\tmp\jniExtractDir -Dfile.encoding=UTF-8 frc.robot.Main

Host: Intel(R) Core(TM) i7-3632QM CPU @ 2.20GHz, 8 cores, 15G,  Windows 10 , 64 bit Build 16299 (10.0.16299.431)
Time: Mon Mar  4 20:22:35 2019 Eastern Standard Time elapsed time: 0 seconds (0d 0h 0m 0s)

---------------  T H R E A D  ---------------

Current thread (0x000001d1af25f000):  JavaThread "CSListener" daemon [_thread_in_native, id=133344, stack(0x0000005d41800000,0x0000005d41900000)]

Stack: [0x0000005d41800000,0x0000005d41900000],  sp=0x0000005d418feda0,  free space=1019k
Native frames: (J=compiled Java code, j=interpreted, Vv=VM code, C=native code)
C  [cscore.dll+0x3c362]

Java frames: (J=compiled Java code, j=interpreted, Vv=VM code)
j  edu.wpi.cscore.CameraServerJNI.getSourceVideoMode(I)Ledu/wpi/cscore/VideoMode;+0
j  edu.wpi.first.wpilibj.CameraServer.lambda$new$0(Ledu/wpi/cscore/VideoEvent;)V+179
j  edu.wpi.first.wpilibj.CameraServer$$Lambda$8.accept(Ljava/lang/Object;)V+8
v  ~StubRoutines::call_stub

siginfo: EXCEPTION_ACCESS_VIOLATION (0xc0000005), reading address 0x0000000000000000


Register to memory mapping:

RIP=0x00007ffab8aec362 cscore.dll
RAX=0x00007ffab8b017f0 cscore.dll
RBX=0x0000005d418fee80 is pointing into the stack for thread: 0x000001d1af25f000
RCX=0x0 is NULL
RDX=0x0000000000000526 is an unknown value
RSP=0x0000005d418feda0 is pointing into the stack for thread: 0x000001d1af25f000
RBP=0x0000005d418fef20 is pointing into the stack for thread: 0x000001d1af25f000
RSI=0x000001d1af29a760 points into unknown readable memory
RDI=0x000001d1af29a760 points into unknown readable memory
R8 =0x0 is NULL
R9 =0x0 is NULL
R10=0x000001d192575c27 is at code_begin+1959 in an Interpreter codelet
method entry point (kind = native)  [0x000001d192575480, 0x000001d192576820]  5024 bytes
R11=0x0000000711972af0 is an oop
java.lang.Class 
{0x0000000711972af0} - klass: 'java/lang/Class'
R12=0x0 is NULL
R13={method} {0x000001d1ae099408} 'getSourceVideoMode' '(I)Ledu/wpi/cscore/VideoMode;' in 'edu/wpi/cscore/CameraServerJNI'
R14=0x0000005d418fef40 is pointing into the stack for thread: 0x000001d1af25f000
R15=0x000001d1af25f000 is a thread


Registers:
RAX=0x00007ffab8b017f0, RBX=0x0000005d418fee80, RCX=0x0000000000000000, RDX=0x0000000000000526
RSP=0x0000005d418feda0, RBP=0x0000005d418fef20, RSI=0x000001d1af29a760, RDI=0x000001d1af29a760
R8 =0x0000000000000000, R9 =0x0000000000000000, R10=0x000001d192575c27, R11=0x0000000711972af0
R12=0x0000000000000000, R13=0x000001d1ae099400, R14=0x0000005d418fef40, R15=0x000001d1af25f000
RIP=0x00007ffab8aec362, EFLAGS=0x0000000000010246

Top of Stack: (sp=0x0000005d418feda0)
0x0000005d418feda0:   0000df2708f7bafd 0000000000000100
0x0000005d418fedb0:   0000005d418fef40 0000005d418fee38
0x0000005d418fedc0:   0000005d418fee88 00007ffab8ac4e30
0x0000005d418fedd0:   0000000041000000 00007ffa9b84098c
0x0000005d418fede0:   0000000041000000 00007ffacb156f80
0x0000005d418fedf0:   fffffffffffffffe 0000005d418fef40
0x0000005d418fee00:   0000005d418fee80 00007ffab8abe995
0x0000005d418fee10:   0000000041000000 0000005d418fee88
0x0000005d418fee20:   0000005d418fee88 000001d1af25f000
0x0000005d418fee30:   fffffffffffffffe 000001d1af126e30
0x0000005d418fee40:   000001d1af126e20 000000000000000c
0x0000005d418fee50:   000001d19256af6d 00007ffacb156fb2
0x0000005d418fee60:   000001d1af25f340 000000000000000c
0x0000005d418fee70:   000001d19256af6d 000001d192575921
0x0000005d418fee80:   0000005d00000000 000001d1ae099400
0x0000005d418fee90:   000001d1af25f000 0000eaa3edffea92 

Instructions: (pc=0x00007ffab8aec362)
0x00007ffab8aec342:   5c 24 08 57 48 83 ec 20 48 8b f9 48 8b da 48 8b
0x00007ffab8aec352:   89 88 02 00 00 45 33 c9 45 33 c0 ba 26 05 00 00
0x00007ffab8aec362:   48 8b 09 ff 15 15 c0 00 00 89 03 85 c0 75 0e 0f
0x00007ffab8aec372:   b6 47 08 84 c0 75 13 c7 03 2b f8 ff ff 32 c0 48 



---------------  P R O C E S S  ---------------

Threads class SMR info:
_java_thread_list=0x000001d1af1264c0, length=17, elements={
0x000001d18a251000, 0x000001d1adb43000, 0x000001d1adb44800, 0x000001d1adb5e000,
0x000001d1ae446800, 0x000001d1ae448800, 0x000001d1ae44b800, 0x000001d1ae455800,
0x000001d1ae5d0800, 0x000001d1ae5d1800, 0x000001d1ae5e5800, 0x000001d1ae5ef800,
0x000001d1ae5ff800, 0x000001d1af129000, 0x000001d1af240000, 0x000001d1af24b800,
0x000001d1af25f000
}

Java Threads: ( => current thread )
  0x000001d18a251000 JavaThread "main" [_thread_in_native, id=59824, stack(0x0000005d3fb00000,0x0000005d3fc00000)]
  0x000001d1adb43000 JavaThread "Reference Handler" daemon [_thread_blocked, id=145592, stack(0x0000005d40200000,0x0000005d40300000)]
  0x000001d1adb44800 JavaThread "Finalizer" daemon [_thread_blocked, id=184580, stack(0x0000005d40300000,0x0000005d40400000)]
  0x000001d1adb5e000 JavaThread "Signal Dispatcher" daemon [_thread_blocked, id=142288, stack(0x0000005d40400000,0x0000005d40500000)]
  0x000001d1ae446800 JavaThread "Attach Listener" daemon [_thread_blocked, id=57672, stack(0x0000005d40500000,0x0000005d40600000)]
  0x000001d1ae448800 JavaThread "C2 CompilerThread0" daemon [_thread_blocked, id=108960, stack(0x0000005d40600000,0x0000005d40700000)]
  0x000001d1ae44b800 JavaThread "C1 CompilerThread0" daemon [_thread_blocked, id=148824, stack(0x0000005d40700000,0x0000005d40800000)]
  0x000001d1ae455800 JavaThread "Sweeper thread" daemon [_thread_blocked, id=183944, stack(0x0000005d40800000,0x0000005d40900000)]
  0x000001d1ae5d0800 JavaThread "JDWP Transport Listener: dt_socket" daemon [_thread_blocked, id=131444, stack(0x0000005d40900000,0x0000005d40a00000)]
  0x000001d1ae5d1800 JavaThread "JDWP Event Helper Thread" daemon [_thread_blocked, id=52956, stack(0x0000005d40a00000,0x0000005d40b00000)]
  0x000001d1ae5e5800 JavaThread "JDWP Command Reader" daemon [_thread_in_native, id=99408, stack(0x0000005d40b00000,0x0000005d40c00000)]
  0x000001d1ae5ef800 JavaThread "Service Thread" daemon [_thread_blocked, id=90240, stack(0x0000005d40c00000,0x0000005d40d00000)]
  0x000001d1ae5ff800 JavaThread "Common-Cleaner" daemon [_thread_blocked, id=140356, stack(0x0000005d40e00000,0x0000005d40f00000)]
  0x000001d1af129000 JavaThread "FRCDriverStation" [_thread_in_native, id=5608, stack(0x0000005d41200000,0x0000005d41300000)]
  0x000001d1af240000 JavaThread "Thread-0" daemon [_thread_blocked, id=65292, stack(0x0000005d41500000,0x0000005d41600000)]
  0x000001d1af24b800 JavaThread "NTEntryListener" daemon [_thread_in_native, id=146188, stack(0x0000005d41700000,0x0000005d41800000)]
=>0x000001d1af25f000 JavaThread "CSListener" daemon [_thread_in_native, id=133344, stack(0x0000005d41800000,0x0000005d41900000)]

Other Threads:
  0x000001d1adb40800 VMThread "VM Thread" [stack: 0x0000005d40100000,0x0000005d40200000] [id=113184]
  0x000001d1ae5f2800 WatcherThread [stack: 0x0000005d40d00000,0x0000005d40e00000] [id=92816]
  0x000001d18a267000 GCTaskThread "GC Thread#0" [stack: 0x0000005d3fc00000,0x0000005d3fd00000] [id=106488]
  0x000001d18a2c1800 ConcurrentGCThread "G1 Main Marker" [stack: 0x0000005d3fd00000,0x0000005d3fe00000] [id=49492]
  0x000001d18a2c5800 ConcurrentGCThread "G1 Conc#0" [stack: 0x0000005d3fe00000,0x0000005d3ff00000] [id=143456]
  0x000001d1ada1d800 ConcurrentGCThread "G1 Refine#0" [stack: 0x0000005d3ff00000,0x0000005d40000000] [id=100512]
  0x000001d1ada20800 ConcurrentGCThread "G1 Young RemSet Sampling" [stack: 0x0000005d40000000,0x0000005d40100000] [id=139220]

Threads with active compile tasks:

VM state:not at safepoint (normal execution)

VM Mutex/Monitor currently owned by a thread: None

Heap address: 0x0000000701c00000, size: 4068 MB, Compressed Oops mode: Zero based, Oop shift amount: 3
Narrow klass base: 0x0000000800000000, Narrow klass shift: 0
Compressed class space size: 1073741824 Address: 0x0000000800000000

Heap:
 garbage-first heap   total 262144K, used 5120K [0x0000000701c00000, 0x0000000800000000)
  region size 1024K, 6 young (6144K), 0 survivors (0K)
 Metaspace       used 6830K, capacity 6970K, committed 7168K, reserved 1056768K
  class space    used 598K, capacity 641K, committed 768K, reserved 1048576K
Heap Regions: E=young(eden), S=young(survivor), O=old, HS=humongous(starts), HC=humongous(continues), CS=collection set, F=free, A=archive, TAMS=top-at-mark-start (previous, next)
|   0|0x0000000701c00000, 0x0000000701c00000, 0x0000000701d00000|  0%| F|  |TAMS 0x0000000701c00000, 0x0000000701c00000| Untracked 
|   1|0x0000000701d00000, 0x0000000701d00000, 0x0000000701e00000|  0%| F|  |TAMS 0x0000000701d00000, 0x0000000701d00000| Untracked 
|   2|0x0000000701e00000, 0x0000000701e00000, 0x0000000701f00000|  0%| F|  |TAMS 0x0000000701e00000, 0x0000000701e00000| Untracked 
|   3|0x0000000701f00000, 0x0000000701f00000, 0x0000000702000000|  0%| F|  |TAMS 0x0000000701f00000, 0x0000000701f00000| Untracked 
|   4|0x0000000702000000, 0x0000000702000000, 0x0000000702100000|  0%| F|  |TAMS 0x0000000702000000, 0x0000000702000000| Untracked 
|   5|0x0000000702100000, 0x0000000702100000, 0x0000000702200000|  0%| F|  |TAMS 0x0000000702100000, 0x0000000702100000| Untracked 
|   6|0x0000000702200000, 0x0000000702200000, 0x0000000702300000|  0%| F|  |TAMS 0x0000000702200000, 0x0000000702200000| Untracked 
|   7|0x0000000702300000, 0x0000000702300000, 0x0000000702400000|  0%| F|  |TAMS 0x0000000702300000, 0x0000000702300000| Untracked 
|   8|0x0000000702400000, 0x0000000702400000, 0x0000000702500000|  0%| F|  |TAMS 0x0000000702400000, 0x0000000702400000| Untracked 
|   9|0x0000000702500000, 0x0000000702500000, 0x0000000702600000|  0%| F|  |TAMS 0x0000000702500000, 0x0000000702500000| Untracked 
|  10|0x0000000702600000, 0x0000000702600000, 0x0000000702700000|  0%| F|  |TAMS 0x0000000702600000, 0x0000000702600000| Untracked 
|  11|0x0000000702700000, 0x0000000702700000, 0x0000000702800000|  0%| F|  |TAMS 0x0000000702700000, 0x0000000702700000| Untracked 
|  12|0x0000000702800000, 0x0000000702800000, 0x0000000702900000|  0%| F|  |TAMS 0x0000000702800000, 0x0000000702800000| Untracked 
|  13|0x0000000702900000, 0x0000000702900000, 0x0000000702a00000|  0%| F|  |TAMS 0x0000000702900000, 0x0000000702900000| Untracked 
|  14|0x0000000702a00000, 0x0000000702a00000, 0x0000000702b00000|  0%| F|  |TAMS 0x0000000702a00000, 0x0000000702a00000| Untracked 
|  15|0x0000000702b00000, 0x0000000702b00000, 0x0000000702c00000|  0%| F|  |TAMS 0x0000000702b00000, 0x0000000702b00000| Untracked 
|  16|0x0000000702c00000, 0x0000000702c00000, 0x0000000702d00000|  0%| F|  |TAMS 0x0000000702c00000, 0x0000000702c00000| Untracked 
|  17|0x0000000702d00000, 0x0000000702d00000, 0x0000000702e00000|  0%| F|  |TAMS 0x0000000702d00000, 0x0000000702d00000| Untracked 
|  18|0x0000000702e00000, 0x0000000702e00000, 0x0000000702f00000|  0%| F|  |TAMS 0x0000000702e00000, 0x0000000702e00000| Untracked 
|  19|0x0000000702f00000, 0x0000000702f00000, 0x0000000703000000|  0%| F|  |TAMS 0x0000000702f00000, 0x0000000702f00000| Untracked 
|  20|0x0000000703000000, 0x0000000703000000, 0x0000000703100000|  0%| F|  |TAMS 0x0000000703000000, 0x0000000703000000| Untracked 
|  21|0x0000000703100000, 0x0000000703100000, 0x0000000703200000|  0%| F|  |TAMS 0x0000000703100000, 0x0000000703100000| Untracked 
|  22|0x0000000703200000, 0x0000000703200000, 0x0000000703300000|  0%| F|  |TAMS 0x0000000703200000, 0x0000000703200000| Untracked 
|  23|0x0000000703300000, 0x0000000703300000, 0x0000000703400000|  0%| F|  |TAMS 0x0000000703300000, 0x0000000703300000| Untracked 
|  24|0x0000000703400000, 0x0000000703400000, 0x0000000703500000|  0%| F|  |TAMS 0x0000000703400000, 0x0000000703400000| Untracked 
|  25|0x0000000703500000, 0x0000000703500000, 0x0000000703600000|  0%| F|  |TAMS 0x0000000703500000, 0x0000000703500000| Untracked 
|  26|0x0000000703600000, 0x0000000703600000, 0x0000000703700000|  0%| F|  |TAMS 0x0000000703600000, 0x0000000703600000| Untracked 
|  27|0x0000000703700000, 0x0000000703700000, 0x0000000703800000|  0%| F|  |TAMS 0x0000000703700000, 0x0000000703700000| Untracked 
|  28|0x0000000703800000, 0x0000000703800000, 0x0000000703900000|  0%| F|  |TAMS 0x0000000703800000, 0x0000000703800000| Untracked 
|  29|0x0000000703900000, 0x0000000703900000, 0x0000000703a00000|  0%| F|  |TAMS 0x0000000703900000, 0x0000000703900000| Untracked 
|  30|0x0000000703a00000, 0x0000000703a00000, 0x0000000703b00000|  0%| F|  |TAMS 0x0000000703a00000, 0x0000000703a00000| Untracked 
|  31|0x0000000703b00000, 0x0000000703b00000, 0x0000000703c00000|  0%| F|  |TAMS 0x0000000703b00000, 0x0000000703b00000| Untracked 
|  32|0x0000000703c00000, 0x0000000703c00000, 0x0000000703d00000|  0%| F|  |TAMS 0x0000000703c00000, 0x0000000703c00000| Untracked 
|  33|0x0000000703d00000, 0x0000000703d00000, 0x0000000703e00000|  0%| F|  |TAMS 0x0000000703d00000, 0x0000000703d00000| Untracked 
|  34|0x0000000703e00000, 0x0000000703e00000, 0x0000000703f00000|  0%| F|  |TAMS 0x0000000703e00000, 0x0000000703e00000| Untracked 
|  35|0x0000000703f00000, 0x0000000703f00000, 0x0000000704000000|  0%| F|  |TAMS 0x0000000703f00000, 0x0000000703f00000| Untracked 
|  36|0x0000000704000000, 0x0000000704000000, 0x0000000704100000|  0%| F|  |TAMS 0x0000000704000000, 0x0000000704000000| Untracked 
|  37|0x0000000704100000, 0x0000000704100000, 0x0000000704200000|  0%| F|  |TAMS 0x0000000704100000, 0x0000000704100000| Untracked 
|  38|0x0000000704200000, 0x0000000704200000, 0x0000000704300000|  0%| F|  |TAMS 0x0000000704200000, 0x0000000704200000| Untracked 
|  39|0x0000000704300000, 0x0000000704300000, 0x0000000704400000|  0%| F|  |TAMS 0x0000000704300000, 0x0000000704300000| Untracked 
|  40|0x0000000704400000, 0x0000000704400000, 0x0000000704500000|  0%| F|  |TAMS 0x0000000704400000, 0x0000000704400000| Untracked 
|  41|0x0000000704500000, 0x0000000704500000, 0x0000000704600000|  0%| F|  |TAMS 0x0000000704500000, 0x0000000704500000| Untracked 
|  42|0x0000000704600000, 0x0000000704600000, 0x0000000704700000|  0%| F|  |TAMS 0x0000000704600000, 0x0000000704600000| Untracked 
|  43|0x0000000704700000, 0x0000000704700000, 0x0000000704800000|  0%| F|  |TAMS 0x0000000704700000, 0x0000000704700000| Untracked 
|  44|0x0000000704800000, 0x0000000704800000, 0x0000000704900000|  0%| F|  |TAMS 0x0000000704800000, 0x0000000704800000| Untracked 
|  45|0x0000000704900000, 0x0000000704900000, 0x0000000704a00000|  0%| F|  |TAMS 0x0000000704900000, 0x0000000704900000| Untracked 
|  46|0x0000000704a00000, 0x0000000704a00000, 0x0000000704b00000|  0%| F|  |TAMS 0x0000000704a00000, 0x0000000704a00000| Untracked 
|  47|0x0000000704b00000, 0x0000000704b00000, 0x0000000704c00000|  0%| F|  |TAMS 0x0000000704b00000, 0x0000000704b00000| Untracked 
|  48|0x0000000704c00000, 0x0000000704c00000, 0x0000000704d00000|  0%| F|  |TAMS 0x0000000704c00000, 0x0000000704c00000| Untracked 
|  49|0x0000000704d00000, 0x0000000704d00000, 0x0000000704e00000|  0%| F|  |TAMS 0x0000000704d00000, 0x0000000704d00000| Untracked 
|  50|0x0000000704e00000, 0x0000000704e00000, 0x0000000704f00000|  0%| F|  |TAMS 0x0000000704e00000, 0x0000000704e00000| Untracked 
|  51|0x0000000704f00000, 0x0000000704f00000, 0x0000000705000000|  0%| F|  |TAMS 0x0000000704f00000, 0x0000000704f00000| Untracked 
|  52|0x0000000705000000, 0x0000000705000000, 0x0000000705100000|  0%| F|  |TAMS 0x0000000705000000, 0x0000000705000000| Untracked 
|  53|0x0000000705100000, 0x0000000705100000, 0x0000000705200000|  0%| F|  |TAMS 0x0000000705100000, 0x0000000705100000| Untracked 
|  54|0x0000000705200000, 0x0000000705200000, 0x0000000705300000|  0%| F|  |TAMS 0x0000000705200000, 0x0000000705200000| Untracked 
|  55|0x0000000705300000, 0x0000000705300000, 0x0000000705400000|  0%| F|  |TAMS 0x0000000705300000, 0x0000000705300000| Untracked 
|  56|0x0000000705400000, 0x0000000705400000, 0x0000000705500000|  0%| F|  |TAMS 0x0000000705400000, 0x0000000705400000| Untracked 
|  57|0x0000000705500000, 0x0000000705500000, 0x0000000705600000|  0%| F|  |TAMS 0x0000000705500000, 0x0000000705500000| Untracked 
|  58|0x0000000705600000, 0x0000000705600000, 0x0000000705700000|  0%| F|  |TAMS 0x0000000705600000, 0x0000000705600000| Untracked 
|  59|0x0000000705700000, 0x0000000705700000, 0x0000000705800000|  0%| F|  |TAMS 0x0000000705700000, 0x0000000705700000| Untracked 
|  60|0x0000000705800000, 0x0000000705800000, 0x0000000705900000|  0%| F|  |TAMS 0x0000000705800000, 0x0000000705800000| Untracked 
|  61|0x0000000705900000, 0x0000000705900000, 0x0000000705a00000|  0%| F|  |TAMS 0x0000000705900000, 0x0000000705900000| Untracked 
|  62|0x0000000705a00000, 0x0000000705a00000, 0x0000000705b00000|  0%| F|  |TAMS 0x0000000705a00000, 0x0000000705a00000| Untracked 
|  63|0x0000000705b00000, 0x0000000705b00000, 0x0000000705c00000|  0%| F|  |TAMS 0x0000000705b00000, 0x0000000705b00000| Untracked 
|  64|0x0000000705c00000, 0x0000000705c00000, 0x0000000705d00000|  0%| F|  |TAMS 0x0000000705c00000, 0x0000000705c00000| Untracked 
|  65|0x0000000705d00000, 0x0000000705d00000, 0x0000000705e00000|  0%| F|  |TAMS 0x0000000705d00000, 0x0000000705d00000| Untracked 
|  66|0x0000000705e00000, 0x0000000705e00000, 0x0000000705f00000|  0%| F|  |TAMS 0x0000000705e00000, 0x0000000705e00000| Untracked 
|  67|0x0000000705f00000, 0x0000000705f00000, 0x0000000706000000|  0%| F|  |TAMS 0x0000000705f00000, 0x0000000705f00000| Untracked 
|  68|0x0000000706000000, 0x0000000706000000, 0x0000000706100000|  0%| F|  |TAMS 0x0000000706000000, 0x0000000706000000| Untracked 
|  69|0x0000000706100000, 0x0000000706100000, 0x0000000706200000|  0%| F|  |TAMS 0x0000000706100000, 0x0000000706100000| Untracked 
|  70|0x0000000706200000, 0x0000000706200000, 0x0000000706300000|  0%| F|  |TAMS 0x0000000706200000, 0x0000000706200000| Untracked 
|  71|0x0000000706300000, 0x0000000706300000, 0x0000000706400000|  0%| F|  |TAMS 0x0000000706300000, 0x0000000706300000| Untracked 
|  72|0x0000000706400000, 0x0000000706400000, 0x0000000706500000|  0%| F|  |TAMS 0x0000000706400000, 0x0000000706400000| Untracked 
|  73|0x0000000706500000, 0x0000000706500000, 0x0000000706600000|  0%| F|  |TAMS 0x0000000706500000, 0x0000000706500000| Untracked 
|  74|0x0000000706600000, 0x0000000706600000, 0x0000000706700000|  0%| F|  |TAMS 0x0000000706600000, 0x0000000706600000| Untracked 
|  75|0x0000000706700000, 0x0000000706700000, 0x0000000706800000|  0%| F|  |TAMS 0x0000000706700000, 0x0000000706700000| Untracked 
|  76|0x0000000706800000, 0x0000000706800000, 0x0000000706900000|  0%| F|  |TAMS 0x0000000706800000, 0x0000000706800000| Untracked 
|  77|0x0000000706900000, 0x0000000706900000, 0x0000000706a00000|  0%| F|  |TAMS 0x0000000706900000, 0x0000000706900000| Untracked 
|  78|0x0000000706a00000, 0x0000000706a00000, 0x0000000706b00000|  0%| F|  |TAMS 0x0000000706a00000, 0x0000000706a00000| Untracked 
|  79|0x0000000706b00000, 0x0000000706b00000, 0x0000000706c00000|  0%| F|  |TAMS 0x0000000706b00000, 0x0000000706b00000| Untracked 
|  80|0x0000000706c00000, 0x0000000706c00000, 0x0000000706d00000|  0%| F|  |TAMS 0x0000000706c00000, 0x0000000706c00000| Untracked 
|  81|0x0000000706d00000, 0x0000000706d00000, 0x0000000706e00000|  0%| F|  |TAMS 0x0000000706d00000, 0x0000000706d00000| Untracked 
|  82|0x0000000706e00000, 0x0000000706e00000, 0x0000000706f00000|  0%| F|  |TAMS 0x0000000706e00000, 0x0000000706e00000| Untracked 
|  83|0x0000000706f00000, 0x0000000706f00000, 0x0000000707000000|  0%| F|  |TAMS 0x0000000706f00000, 0x0000000706f00000| Untracked 
|  84|0x0000000707000000, 0x0000000707000000, 0x0000000707100000|  0%| F|  |TAMS 0x0000000707000000, 0x0000000707000000| Untracked 
|  85|0x0000000707100000, 0x0000000707100000, 0x0000000707200000|  0%| F|  |TAMS 0x0000000707100000, 0x0000000707100000| Untracked 
|  86|0x0000000707200000, 0x0000000707200000, 0x0000000707300000|  0%| F|  |TAMS 0x0000000707200000, 0x0000000707200000| Untracked 
|  87|0x0000000707300000, 0x0000000707300000, 0x0000000707400000|  0%| F|  |TAMS 0x0000000707300000, 0x0000000707300000| Untracked 
|  88|0x0000000707400000, 0x0000000707400000, 0x0000000707500000|  0%| F|  |TAMS 0x0000000707400000, 0x0000000707400000| Untracked 
|  89|0x0000000707500000, 0x0000000707500000, 0x0000000707600000|  0%| F|  |TAMS 0x0000000707500000, 0x0000000707500000| Untracked 
|  90|0x0000000707600000, 0x0000000707600000, 0x0000000707700000|  0%| F|  |TAMS 0x0000000707600000, 0x0000000707600000| Untracked 
|  91|0x0000000707700000, 0x0000000707700000, 0x0000000707800000|  0%| F|  |TAMS 0x0000000707700000, 0x0000000707700000| Untracked 
|  92|0x0000000707800000, 0x0000000707800000, 0x0000000707900000|  0%| F|  |TAMS 0x0000000707800000, 0x0000000707800000| Untracked 
|  93|0x0000000707900000, 0x0000000707900000, 0x0000000707a00000|  0%| F|  |TAMS 0x0000000707900000, 0x0000000707900000| Untracked 
|  94|0x0000000707a00000, 0x0000000707a00000, 0x0000000707b00000|  0%| F|  |TAMS 0x0000000707a00000, 0x0000000707a00000| Untracked 
|  95|0x0000000707b00000, 0x0000000707b00000, 0x0000000707c00000|  0%| F|  |TAMS 0x0000000707b00000, 0x0000000707b00000| Untracked 
|  96|0x0000000707c00000, 0x0000000707c00000, 0x0000000707d00000|  0%| F|  |TAMS 0x0000000707c00000, 0x0000000707c00000| Untracked 
|  97|0x0000000707d00000, 0x0000000707d00000, 0x0000000707e00000|  0%| F|  |TAMS 0x0000000707d00000, 0x0000000707d00000| Untracked 
|  98|0x0000000707e00000, 0x0000000707e00000, 0x0000000707f00000|  0%| F|  |TAMS 0x0000000707e00000, 0x0000000707e00000| Untracked 
|  99|0x0000000707f00000, 0x0000000707f00000, 0x0000000708000000|  0%| F|  |TAMS 0x0000000707f00000, 0x0000000707f00000| Untracked 
| 100|0x0000000708000000, 0x0000000708000000, 0x0000000708100000|  0%| F|  |TAMS 0x0000000708000000, 0x0000000708000000| Untracked 
| 101|0x0000000708100000, 0x0000000708100000, 0x0000000708200000|  0%| F|  |TAMS 0x0000000708100000, 0x0000000708100000| Untracked 
| 102|0x0000000708200000, 0x0000000708200000, 0x0000000708300000|  0%| F|  |TAMS 0x0000000708200000, 0x0000000708200000| Untracked 
| 103|0x0000000708300000, 0x0000000708300000, 0x0000000708400000|  0%| F|  |TAMS 0x0000000708300000, 0x0000000708300000| Untracked 
| 104|0x0000000708400000, 0x0000000708400000, 0x0000000708500000|  0%| F|  |TAMS 0x0000000708400000, 0x0000000708400000| Untracked 
| 105|0x0000000708500000, 0x0000000708500000, 0x0000000708600000|  0%| F|  |TAMS 0x0000000708500000, 0x0000000708500000| Untracked 
| 106|0x0000000708600000, 0x0000000708600000, 0x0000000708700000|  0%| F|  |TAMS 0x0000000708600000, 0x0000000708600000| Untracked 
| 107|0x0000000708700000, 0x0000000708700000, 0x0000000708800000|  0%| F|  |TAMS 0x0000000708700000, 0x0000000708700000| Untracked 
| 108|0x0000000708800000, 0x0000000708800000, 0x0000000708900000|  0%| F|  |TAMS 0x0000000708800000, 0x0000000708800000| Untracked 
| 109|0x0000000708900000, 0x0000000708900000, 0x0000000708a00000|  0%| F|  |TAMS 0x0000000708900000, 0x0000000708900000| Untracked 
| 110|0x0000000708a00000, 0x0000000708a00000, 0x0000000708b00000|  0%| F|  |TAMS 0x0000000708a00000, 0x0000000708a00000| Untracked 
| 111|0x0000000708b00000, 0x0000000708b00000, 0x0000000708c00000|  0%| F|  |TAMS 0x0000000708b00000, 0x0000000708b00000| Untracked 
| 112|0x0000000708c00000, 0x0000000708c00000, 0x0000000708d00000|  0%| F|  |TAMS 0x0000000708c00000, 0x0000000708c00000| Untracked 
| 113|0x0000000708d00000, 0x0000000708d00000, 0x0000000708e00000|  0%| F|  |TAMS 0x0000000708d00000, 0x0000000708d00000| Untracked 
| 114|0x0000000708e00000, 0x0000000708e00000, 0x0000000708f00000|  0%| F|  |TAMS 0x0000000708e00000, 0x0000000708e00000| Untracked 
| 115|0x0000000708f00000, 0x0000000708f00000, 0x0000000709000000|  0%| F|  |TAMS 0x0000000708f00000, 0x0000000708f00000| Untracked 
| 116|0x0000000709000000, 0x0000000709000000, 0x0000000709100000|  0%| F|  |TAMS 0x0000000709000000, 0x0000000709000000| Untracked 
| 117|0x0000000709100000, 0x0000000709100000, 0x0000000709200000|  0%| F|  |TAMS 0x0000000709100000, 0x0000000709100000| Untracked 
| 118|0x0000000709200000, 0x0000000709200000, 0x0000000709300000|  0%| F|  |TAMS 0x0000000709200000, 0x0000000709200000| Untracked 
| 119|0x0000000709300000, 0x0000000709300000, 0x0000000709400000|  0%| F|  |TAMS 0x0000000709300000, 0x0000000709300000| Untracked 
| 120|0x0000000709400000, 0x0000000709400000, 0x0000000709500000|  0%| F|  |TAMS 0x0000000709400000, 0x0000000709400000| Untracked 
| 121|0x0000000709500000, 0x0000000709500000, 0x0000000709600000|  0%| F|  |TAMS 0x0000000709500000, 0x0000000709500000| Untracked 
| 122|0x0000000709600000, 0x0000000709600000, 0x0000000709700000|  0%| F|  |TAMS 0x0000000709600000, 0x0000000709600000| Untracked 
| 123|0x0000000709700000, 0x0000000709700000, 0x0000000709800000|  0%| F|  |TAMS 0x0000000709700000, 0x0000000709700000| Untracked 
| 124|0x0000000709800000, 0x0000000709800000, 0x0000000709900000|  0%| F|  |TAMS 0x0000000709800000, 0x0000000709800000| Untracked 
| 125|0x0000000709900000, 0x0000000709900000, 0x0000000709a00000|  0%| F|  |TAMS 0x0000000709900000, 0x0000000709900000| Untracked 
| 126|0x0000000709a00000, 0x0000000709a00000, 0x0000000709b00000|  0%| F|  |TAMS 0x0000000709a00000, 0x0000000709a00000| Untracked 
| 127|0x0000000709b00000, 0x0000000709b00000, 0x0000000709c00000|  0%| F|  |TAMS 0x0000000709b00000, 0x0000000709b00000| Untracked 
| 128|0x0000000709c00000, 0x0000000709c00000, 0x0000000709d00000|  0%| F|  |TAMS 0x0000000709c00000, 0x0000000709c00000| Untracked 
| 129|0x0000000709d00000, 0x0000000709d00000, 0x0000000709e00000|  0%| F|  |TAMS 0x0000000709d00000, 0x0000000709d00000| Untracked 
| 130|0x0000000709e00000, 0x0000000709e00000, 0x0000000709f00000|  0%| F|  |TAMS 0x0000000709e00000, 0x0000000709e00000| Untracked 
| 131|0x0000000709f00000, 0x0000000709f00000, 0x000000070a000000|  0%| F|  |TAMS 0x0000000709f00000, 0x0000000709f00000| Untracked 
| 132|0x000000070a000000, 0x000000070a000000, 0x000000070a100000|  0%| F|  |TAMS 0x000000070a000000, 0x000000070a000000| Untracked 
| 133|0x000000070a100000, 0x000000070a100000, 0x000000070a200000|  0%| F|  |TAMS 0x000000070a100000, 0x000000070a100000| Untracked 
| 134|0x000000070a200000, 0x000000070a200000, 0x000000070a300000|  0%| F|  |TAMS 0x000000070a200000, 0x000000070a200000| Untracked 
| 135|0x000000070a300000, 0x000000070a300000, 0x000000070a400000|  0%| F|  |TAMS 0x000000070a300000, 0x000000070a300000| Untracked 
| 136|0x000000070a400000, 0x000000070a400000, 0x000000070a500000|  0%| F|  |TAMS 0x000000070a400000, 0x000000070a400000| Untracked 
| 137|0x000000070a500000, 0x000000070a500000, 0x000000070a600000|  0%| F|  |TAMS 0x000000070a500000, 0x000000070a500000| Untracked 
| 138|0x000000070a600000, 0x000000070a600000, 0x000000070a700000|  0%| F|  |TAMS 0x000000070a600000, 0x000000070a600000| Untracked 
| 139|0x000000070a700000, 0x000000070a700000, 0x000000070a800000|  0%| F|  |TAMS 0x000000070a700000, 0x000000070a700000| Untracked 
| 140|0x000000070a800000, 0x000000070a800000, 0x000000070a900000|  0%| F|  |TAMS 0x000000070a800000, 0x000000070a800000| Untracked 
| 141|0x000000070a900000, 0x000000070a900000, 0x000000070aa00000|  0%| F|  |TAMS 0x000000070a900000, 0x000000070a900000| Untracked 
| 142|0x000000070aa00000, 0x000000070aa00000, 0x000000070ab00000|  0%| F|  |TAMS 0x000000070aa00000, 0x000000070aa00000| Untracked 
| 143|0x000000070ab00000, 0x000000070ab00000, 0x000000070ac00000|  0%| F|  |TAMS 0x000000070ab00000, 0x000000070ab00000| Untracked 
| 144|0x000000070ac00000, 0x000000070ac00000, 0x000000070ad00000|  0%| F|  |TAMS 0x000000070ac00000, 0x000000070ac00000| Untracked 
| 145|0x000000070ad00000, 0x000000070ad00000, 0x000000070ae00000|  0%| F|  |TAMS 0x000000070ad00000, 0x000000070ad00000| Untracked 
| 146|0x000000070ae00000, 0x000000070ae00000, 0x000000070af00000|  0%| F|  |TAMS 0x000000070ae00000, 0x000000070ae00000| Untracked 
| 147|0x000000070af00000, 0x000000070af00000, 0x000000070b000000|  0%| F|  |TAMS 0x000000070af00000, 0x000000070af00000| Untracked 
| 148|0x000000070b000000, 0x000000070b000000, 0x000000070b100000|  0%| F|  |TAMS 0x000000070b000000, 0x000000070b000000| Untracked 
| 149|0x000000070b100000, 0x000000070b100000, 0x000000070b200000|  0%| F|  |TAMS 0x000000070b100000, 0x000000070b100000| Untracked 
| 150|0x000000070b200000, 0x000000070b200000, 0x000000070b300000|  0%| F|  |TAMS 0x000000070b200000, 0x000000070b200000| Untracked 
| 151|0x000000070b300000, 0x000000070b300000, 0x000000070b400000|  0%| F|  |TAMS 0x000000070b300000, 0x000000070b300000| Untracked 
| 152|0x000000070b400000, 0x000000070b400000, 0x000000070b500000|  0%| F|  |TAMS 0x000000070b400000, 0x000000070b400000| Untracked 
| 153|0x000000070b500000, 0x000000070b500000, 0x000000070b600000|  0%| F|  |TAMS 0x000000070b500000, 0x000000070b500000| Untracked 
| 154|0x000000070b600000, 0x000000070b600000, 0x000000070b700000|  0%| F|  |TAMS 0x000000070b600000, 0x000000070b600000| Untracked 
| 155|0x000000070b700000, 0x000000070b700000, 0x000000070b800000|  0%| F|  |TAMS 0x000000070b700000, 0x000000070b700000| Untracked 
| 156|0x000000070b800000, 0x000000070b800000, 0x000000070b900000|  0%| F|  |TAMS 0x000000070b800000, 0x000000070b800000| Untracked 
| 157|0x000000070b900000, 0x000000070b900000, 0x000000070ba00000|  0%| F|  |TAMS 0x000000070b900000, 0x000000070b900000| Untracked 
| 158|0x000000070ba00000, 0x000000070ba00000, 0x000000070bb00000|  0%| F|  |TAMS 0x000000070ba00000, 0x000000070ba00000| Untracked 
| 159|0x000000070bb00000, 0x000000070bb00000, 0x000000070bc00000|  0%| F|  |TAMS 0x000000070bb00000, 0x000000070bb00000| Untracked 
| 160|0x000000070bc00000, 0x000000070bc00000, 0x000000070bd00000|  0%| F|  |TAMS 0x000000070bc00000, 0x000000070bc00000| Untracked 
| 161|0x000000070bd00000, 0x000000070bd00000, 0x000000070be00000|  0%| F|  |TAMS 0x000000070bd00000, 0x000000070bd00000| Untracked 
| 162|0x000000070be00000, 0x000000070be00000, 0x000000070bf00000|  0%| F|  |TAMS 0x000000070be00000, 0x000000070be00000| Untracked 
| 163|0x000000070bf00000, 0x000000070bf00000, 0x000000070c000000|  0%| F|  |TAMS 0x000000070bf00000, 0x000000070bf00000| Untracked 
| 164|0x000000070c000000, 0x000000070c000000, 0x000000070c100000|  0%| F|  |TAMS 0x000000070c000000, 0x000000070c000000| Untracked 
| 165|0x000000070c100000, 0x000000070c100000, 0x000000070c200000|  0%| F|  |TAMS 0x000000070c100000, 0x000000070c100000| Untracked 
| 166|0x000000070c200000, 0x000000070c200000, 0x000000070c300000|  0%| F|  |TAMS 0x000000070c200000, 0x000000070c200000| Untracked 
| 167|0x000000070c300000, 0x000000070c300000, 0x000000070c400000|  0%| F|  |TAMS 0x000000070c300000, 0x000000070c300000| Untracked 
| 168|0x000000070c400000, 0x000000070c400000, 0x000000070c500000|  0%| F|  |TAMS 0x000000070c400000, 0x000000070c400000| Untracked 
| 169|0x000000070c500000, 0x000000070c500000, 0x000000070c600000|  0%| F|  |TAMS 0x000000070c500000, 0x000000070c500000| Untracked 
| 170|0x000000070c600000, 0x000000070c600000, 0x000000070c700000|  0%| F|  |TAMS 0x000000070c600000, 0x000000070c600000| Untracked 
| 171|0x000000070c700000, 0x000000070c700000, 0x000000070c800000|  0%| F|  |TAMS 0x000000070c700000, 0x000000070c700000| Untracked 
| 172|0x000000070c800000, 0x000000070c800000, 0x000000070c900000|  0%| F|  |TAMS 0x000000070c800000, 0x000000070c800000| Untracked 
| 173|0x000000070c900000, 0x000000070c900000, 0x000000070ca00000|  0%| F|  |TAMS 0x000000070c900000, 0x000000070c900000| Untracked 
| 174|0x000000070ca00000, 0x000000070ca00000, 0x000000070cb00000|  0%| F|  |TAMS 0x000000070ca00000, 0x000000070ca00000| Untracked 
| 175|0x000000070cb00000, 0x000000070cb00000, 0x000000070cc00000|  0%| F|  |TAMS 0x000000070cb00000, 0x000000070cb00000| Untracked 
| 176|0x000000070cc00000, 0x000000070cc00000, 0x000000070cd00000|  0%| F|  |TAMS 0x000000070cc00000, 0x000000070cc00000| Untracked 
| 177|0x000000070cd00000, 0x000000070cd00000, 0x000000070ce00000|  0%| F|  |TAMS 0x000000070cd00000, 0x000000070cd00000| Untracked 
| 178|0x000000070ce00000, 0x000000070ce00000, 0x000000070cf00000|  0%| F|  |TAMS 0x000000070ce00000, 0x000000070ce00000| Untracked 
| 179|0x000000070cf00000, 0x000000070cf00000, 0x000000070d000000|  0%| F|  |TAMS 0x000000070cf00000, 0x000000070cf00000| Untracked 
| 180|0x000000070d000000, 0x000000070d000000, 0x000000070d100000|  0%| F|  |TAMS 0x000000070d000000, 0x000000070d000000| Untracked 
| 181|0x000000070d100000, 0x000000070d100000, 0x000000070d200000|  0%| F|  |TAMS 0x000000070d100000, 0x000000070d100000| Untracked 
| 182|0x000000070d200000, 0x000000070d200000, 0x000000070d300000|  0%| F|  |TAMS 0x000000070d200000, 0x000000070d200000| Untracked 
| 183|0x000000070d300000, 0x000000070d300000, 0x000000070d400000|  0%| F|  |TAMS 0x000000070d300000, 0x000000070d300000| Untracked 
| 184|0x000000070d400000, 0x000000070d400000, 0x000000070d500000|  0%| F|  |TAMS 0x000000070d400000, 0x000000070d400000| Untracked 
| 185|0x000000070d500000, 0x000000070d500000, 0x000000070d600000|  0%| F|  |TAMS 0x000000070d500000, 0x000000070d500000| Untracked 
| 186|0x000000070d600000, 0x000000070d600000, 0x000000070d700000|  0%| F|  |TAMS 0x000000070d600000, 0x000000070d600000| Untracked 
| 187|0x000000070d700000, 0x000000070d700000, 0x000000070d800000|  0%| F|  |TAMS 0x000000070d700000, 0x000000070d700000| Untracked 
| 188|0x000000070d800000, 0x000000070d800000, 0x000000070d900000|  0%| F|  |TAMS 0x000000070d800000, 0x000000070d800000| Untracked 
| 189|0x000000070d900000, 0x000000070d900000, 0x000000070da00000|  0%| F|  |TAMS 0x000000070d900000, 0x000000070d900000| Untracked 
| 190|0x000000070da00000, 0x000000070da00000, 0x000000070db00000|  0%| F|  |TAMS 0x000000070da00000, 0x000000070da00000| Untracked 
| 191|0x000000070db00000, 0x000000070db00000, 0x000000070dc00000|  0%| F|  |TAMS 0x000000070db00000, 0x000000070db00000| Untracked 
| 192|0x000000070dc00000, 0x000000070dc00000, 0x000000070dd00000|  0%| F|  |TAMS 0x000000070dc00000, 0x000000070dc00000| Untracked 
| 193|0x000000070dd00000, 0x000000070dd00000, 0x000000070de00000|  0%| F|  |TAMS 0x000000070dd00000, 0x000000070dd00000| Untracked 
| 194|0x000000070de00000, 0x000000070de00000, 0x000000070df00000|  0%| F|  |TAMS 0x000000070de00000, 0x000000070de00000| Untracked 
| 195|0x000000070df00000, 0x000000070df00000, 0x000000070e000000|  0%| F|  |TAMS 0x000000070df00000, 0x000000070df00000| Untracked 
| 196|0x000000070e000000, 0x000000070e000000, 0x000000070e100000|  0%| F|  |TAMS 0x000000070e000000, 0x000000070e000000| Untracked 
| 197|0x000000070e100000, 0x000000070e100000, 0x000000070e200000|  0%| F|  |TAMS 0x000000070e100000, 0x000000070e100000| Untracked 
| 198|0x000000070e200000, 0x000000070e200000, 0x000000070e300000|  0%| F|  |TAMS 0x000000070e200000, 0x000000070e200000| Untracked 
| 199|0x000000070e300000, 0x000000070e300000, 0x000000070e400000|  0%| F|  |TAMS 0x000000070e300000, 0x000000070e300000| Untracked 
| 200|0x000000070e400000, 0x000000070e400000, 0x000000070e500000|  0%| F|  |TAMS 0x000000070e400000, 0x000000070e400000| Untracked 
| 201|0x000000070e500000, 0x000000070e500000, 0x000000070e600000|  0%| F|  |TAMS 0x000000070e500000, 0x000000070e500000| Untracked 
| 202|0x000000070e600000, 0x000000070e600000, 0x000000070e700000|  0%| F|  |TAMS 0x000000070e600000, 0x000000070e600000| Untracked 
| 203|0x000000070e700000, 0x000000070e700000, 0x000000070e800000|  0%| F|  |TAMS 0x000000070e700000, 0x000000070e700000| Untracked 
| 204|0x000000070e800000, 0x000000070e800000, 0x000000070e900000|  0%| F|  |TAMS 0x000000070e800000, 0x000000070e800000| Untracked 
| 205|0x000000070e900000, 0x000000070e900000, 0x000000070ea00000|  0%| F|  |TAMS 0x000000070e900000, 0x000000070e900000| Untracked 
| 206|0x000000070ea00000, 0x000000070ea00000, 0x000000070eb00000|  0%| F|  |TAMS 0x000000070ea00000, 0x000000070ea00000| Untracked 
| 207|0x000000070eb00000, 0x000000070eb00000, 0x000000070ec00000|  0%| F|  |TAMS 0x000000070eb00000, 0x000000070eb00000| Untracked 
| 208|0x000000070ec00000, 0x000000070ec00000, 0x000000070ed00000|  0%| F|  |TAMS 0x000000070ec00000, 0x000000070ec00000| Untracked 
| 209|0x000000070ed00000, 0x000000070ed00000, 0x000000070ee00000|  0%| F|  |TAMS 0x000000070ed00000, 0x000000070ed00000| Untracked 
| 210|0x000000070ee00000, 0x000000070ee00000, 0x000000070ef00000|  0%| F|  |TAMS 0x000000070ee00000, 0x000000070ee00000| Untracked 
| 211|0x000000070ef00000, 0x000000070ef00000, 0x000000070f000000|  0%| F|  |TAMS 0x000000070ef00000, 0x000000070ef00000| Untracked 
| 212|0x000000070f000000, 0x000000070f000000, 0x000000070f100000|  0%| F|  |TAMS 0x000000070f000000, 0x000000070f000000| Untracked 
| 213|0x000000070f100000, 0x000000070f100000, 0x000000070f200000|  0%| F|  |TAMS 0x000000070f100000, 0x000000070f100000| Untracked 
| 214|0x000000070f200000, 0x000000070f200000, 0x000000070f300000|  0%| F|  |TAMS 0x000000070f200000, 0x000000070f200000| Untracked 
| 215|0x000000070f300000, 0x000000070f300000, 0x000000070f400000|  0%| F|  |TAMS 0x000000070f300000, 0x000000070f300000| Untracked 
| 216|0x000000070f400000, 0x000000070f400000, 0x000000070f500000|  0%| F|  |TAMS 0x000000070f400000, 0x000000070f400000| Untracked 
| 217|0x000000070f500000, 0x000000070f500000, 0x000000070f600000|  0%| F|  |TAMS 0x000000070f500000, 0x000000070f500000| Untracked 
| 218|0x000000070f600000, 0x000000070f600000, 0x000000070f700000|  0%| F|  |TAMS 0x000000070f600000, 0x000000070f600000| Untracked 
| 219|0x000000070f700000, 0x000000070f700000, 0x000000070f800000|  0%| F|  |TAMS 0x000000070f700000, 0x000000070f700000| Untracked 
| 220|0x000000070f800000, 0x000000070f800000, 0x000000070f900000|  0%| F|  |TAMS 0x000000070f800000, 0x000000070f800000| Untracked 
| 221|0x000000070f900000, 0x000000070f900000, 0x000000070fa00000|  0%| F|  |TAMS 0x000000070f900000, 0x000000070f900000| Untracked 
| 222|0x000000070fa00000, 0x000000070fa00000, 0x000000070fb00000|  0%| F|  |TAMS 0x000000070fa00000, 0x000000070fa00000| Untracked 
| 223|0x000000070fb00000, 0x000000070fb00000, 0x000000070fc00000|  0%| F|  |TAMS 0x000000070fb00000, 0x000000070fb00000| Untracked 
| 224|0x000000070fc00000, 0x000000070fc00000, 0x000000070fd00000|  0%| F|  |TAMS 0x000000070fc00000, 0x000000070fc00000| Untracked 
| 225|0x000000070fd00000, 0x000000070fd00000, 0x000000070fe00000|  0%| F|  |TAMS 0x000000070fd00000, 0x000000070fd00000| Untracked 
| 226|0x000000070fe00000, 0x000000070fe00000, 0x000000070ff00000|  0%| F|  |TAMS 0x000000070fe00000, 0x000000070fe00000| Untracked 
| 227|0x000000070ff00000, 0x000000070ff00000, 0x0000000710000000|  0%| F|  |TAMS 0x000000070ff00000, 0x000000070ff00000| Untracked 
| 228|0x0000000710000000, 0x0000000710000000, 0x0000000710100000|  0%| F|  |TAMS 0x0000000710000000, 0x0000000710000000| Untracked 
| 229|0x0000000710100000, 0x0000000710100000, 0x0000000710200000|  0%| F|  |TAMS 0x0000000710100000, 0x0000000710100000| Untracked 
| 230|0x0000000710200000, 0x0000000710200000, 0x0000000710300000|  0%| F|  |TAMS 0x0000000710200000, 0x0000000710200000| Untracked 
| 231|0x0000000710300000, 0x0000000710300000, 0x0000000710400000|  0%| F|  |TAMS 0x0000000710300000, 0x0000000710300000| Untracked 
| 232|0x0000000710400000, 0x0000000710400000, 0x0000000710500000|  0%| F|  |TAMS 0x0000000710400000, 0x0000000710400000| Untracked 
| 233|0x0000000710500000, 0x0000000710500000, 0x0000000710600000|  0%| F|  |TAMS 0x0000000710500000, 0x0000000710500000| Untracked 
| 234|0x0000000710600000, 0x0000000710600000, 0x0000000710700000|  0%| F|  |TAMS 0x0000000710600000, 0x0000000710600000| Untracked 
| 235|0x0000000710700000, 0x0000000710700000, 0x0000000710800000|  0%| F|  |TAMS 0x0000000710700000, 0x0000000710700000| Untracked 
| 236|0x0000000710800000, 0x0000000710800000, 0x0000000710900000|  0%| F|  |TAMS 0x0000000710800000, 0x0000000710800000| Untracked 
| 237|0x0000000710900000, 0x0000000710900000, 0x0000000710a00000|  0%| F|  |TAMS 0x0000000710900000, 0x0000000710900000| Untracked 
| 238|0x0000000710a00000, 0x0000000710a00000, 0x0000000710b00000|  0%| F|  |TAMS 0x0000000710a00000, 0x0000000710a00000| Untracked 
| 239|0x0000000710b00000, 0x0000000710b00000, 0x0000000710c00000|  0%| F|  |TAMS 0x0000000710b00000, 0x0000000710b00000| Untracked 
| 240|0x0000000710c00000, 0x0000000710c00000, 0x0000000710d00000|  0%| F|  |TAMS 0x0000000710c00000, 0x0000000710c00000| Untracked 
| 241|0x0000000710d00000, 0x0000000710d00000, 0x0000000710e00000|  0%| F|  |TAMS 0x0000000710d00000, 0x0000000710d00000| Untracked 
| 242|0x0000000710e00000, 0x0000000710e00000, 0x0000000710f00000|  0%| F|  |TAMS 0x0000000710e00000, 0x0000000710e00000| Untracked 
| 243|0x0000000710f00000, 0x0000000710f00000, 0x0000000711000000|  0%| F|  |TAMS 0x0000000710f00000, 0x0000000710f00000| Untracked 
| 244|0x0000000711000000, 0x0000000711000000, 0x0000000711100000|  0%| F|  |TAMS 0x0000000711000000, 0x0000000711000000| Untracked 
| 245|0x0000000711100000, 0x0000000711100000, 0x0000000711200000|  0%| F|  |TAMS 0x0000000711100000, 0x0000000711100000| Untracked 
| 246|0x0000000711200000, 0x0000000711200000, 0x0000000711300000|  0%| F|  |TAMS 0x0000000711200000, 0x0000000711200000| Untracked 
| 247|0x0000000711300000, 0x0000000711300000, 0x0000000711400000|  0%| F|  |TAMS 0x0000000711300000, 0x0000000711300000| Untracked 
| 248|0x0000000711400000, 0x0000000711400000, 0x0000000711500000|  0%| F|  |TAMS 0x0000000711400000, 0x0000000711400000| Untracked 
| 249|0x0000000711500000, 0x0000000711500000, 0x0000000711600000|  0%| F|  |TAMS 0x0000000711500000, 0x0000000711500000| Untracked 
| 250|0x0000000711600000, 0x00000007116f6640, 0x0000000711700000| 96%| E|  |TAMS 0x0000000711600000, 0x0000000711600000| Complete 
| 251|0x0000000711700000, 0x0000000711800000, 0x0000000711800000|100%| E|CS|TAMS 0x0000000711700000, 0x0000000711700000| Complete 
| 252|0x0000000711800000, 0x0000000711900000, 0x0000000711900000|100%| E|CS|TAMS 0x0000000711800000, 0x0000000711800000| Complete 
| 253|0x0000000711900000, 0x0000000711a00000, 0x0000000711a00000|100%| E|CS|TAMS 0x0000000711900000, 0x0000000711900000| Complete 
| 254|0x0000000711a00000, 0x0000000711b00000, 0x0000000711b00000|100%| E|CS|TAMS 0x0000000711a00000, 0x0000000711a00000| Complete 
| 255|0x0000000711b00000, 0x0000000711c00000, 0x0000000711c00000|100%| E|CS|TAMS 0x0000000711b00000, 0x0000000711b00000| Complete 

Card table byte_map: [0x000001d1a20a0000,0x000001d1a28a0000] _byte_map_base: 0x000001d19e892000

Marking Bits (Prev, Next): (CMBitMap*) 0x000001d18a2b0f68, (CMBitMap*) 0x000001d18a2b0fa0
 Prev Bits: [0x000001d1a30a0000, 0x000001d1a7030000)
 Next Bits: [0x000001d1a7030000, 0x000001d1aafc0000)

Polling page: 0x000001d189a30000

Metaspace:

Usage:
  Non-class:      6.18 MB capacity,     6.09 MB ( 98%) used,    92.55 KB (  1%) free+waste,     4.25 KB ( <1%) overhead. 
      Class:    641.00 KB capacity,   598.77 KB ( 93%) used,    40.17 KB (  6%) free+waste,     2.06 KB ( <1%) overhead. 
       Both:      6.81 MB capacity,     6.67 MB ( 98%) used,   132.72 KB (  2%) free+waste,     6.31 KB ( <1%) overhead. 

Virtual space:
  Non-class space:        8.00 MB reserved,       6.25 MB ( 78%) committed 
      Class space:        1.00 GB reserved,     768.00 KB ( <1%) committed 
             Both:        1.01 GB reserved,       7.00 MB ( <1%) committed 

Chunk freelists:
   Non-Class:  896 bytes
       Class:  0 bytes
        Both:  896 bytes

CodeHeap 'non-profiled nmethods': size=120000Kb used=91Kb max_used=91Kb free=119908Kb
 bounds [0x000001d19a030000, 0x000001d19a2a0000, 0x000001d1a1560000]
CodeHeap 'profiled nmethods': size=120000Kb used=502Kb max_used=502Kb free=119497Kb
 bounds [0x000001d192b00000, 0x000001d192d70000, 0x000001d19a030000]
CodeHeap 'non-nmethods': size=5760Kb used=1202Kb max_used=1214Kb free=4557Kb
 bounds [0x000001d192560000, 0x000001d1927d0000, 0x000001d192b00000]
 total_blobs=830 nmethods=310 adapters=357
 compilation: enabled
              stopped_count=0, restarted_count=0
 full_count=0

Compilation events (10 events):
Event: 0.492 Thread 0x000001d1ae44b800  307       3       java.lang.Class::getName (21 bytes)
Event: 0.493 Thread 0x000001d1ae44b800 nmethod 307 0x000001d192b7a490 code [0x000001d192b7a660, 0x000001d192b7a8b0]
Event: 0.493 Thread 0x000001d1ae44b800  308       3       java.lang.Class::getClassLoader (28 bytes)
Event: 0.494 Thread 0x000001d1ae44b800 nmethod 308 0x000001d192b7a990 code [0x000001d192b7abc0, 0x000001d192b7b5a0]
Event: 0.495 Thread 0x000001d1ae44b800  309       3       jdk.internal.org.objectweb.asm.ClassWriter::newUTF8 (70 bytes)
Event: 0.496 Thread 0x000001d1ae44b800 nmethod 309 0x000001d192b7b890 code [0x000001d192b7baa0, 0x000001d192b7bea0]
Event: 0.496 Thread 0x000001d1ae44b800  310       3       jdk.internal.org.objectweb.asm.ByteVector::putByte (39 bytes)
Event: 0.496 Thread 0x000001d1ae44b800 nmethod 310 0x000001d192b7c090 code [0x000001d192b7c260, 0x000001d192b7c4b0]
Event: 0.500 Thread 0x000001d1ae448800 nmethod 303 0x000001d19a046390 code [0x000001d19a046540, 0x000001d19a046a38]
Event: 0.520 Thread 0x000001d1ae44b800  311       3       java.util.concurrent.ConcurrentHashMap$Traverser::advance (188 bytes)

GC Heap History (0 events):
No events

Deoptimization events (2 events):
Event: 0.167 Thread 0x000001d18a251000 Uncommon trap: reason=unstable_if action=reinterpret pc=0x000001d19a0323fc method=java.lang.String.isLatin1()Z @ 10 c2
Event: 0.172 Thread 0x000001d18a251000 Uncommon trap: reason=unstable_if action=reinterpret pc=0x000001d19a035138 method=java.lang.String.hashCode()I @ 14 c2

Classes redefined (0 events):
No events

Internal exceptions (4 events):
Event: 0.462 Thread 0x000001d18a251000 Exception <a 'java/lang/NoSuchMethodError'{0x0000000711771ca0}: java.lang.invoke.DirectMethodHandle$Holder.invokeSpecial(Ljava/lang/Object;Ljava/lang/Object;)V> (0x0000000711771ca0) thrown at [t:/workspace/open/src/hotspot/share/interpreter/linkResolver.c
Event: 0.467 Thread 0x000001d18a251000 Exception <a 'java/lang/NoSuchMethodError'{0x0000000711780eb0}: java.lang.invoke.DirectMethodHandle$Holder.invokeStaticInit(Ljava/lang/Object;)V> (0x0000000711780eb0) thrown at [t:/workspace/open/src/hotspot/share/interpreter/linkResolver.cpp, line 772]
Event: 0.479 Thread 0x000001d18a251000 Exception <a 'java/lang/NoSuchMethodError'{0x00000007117a1c18}: java.lang.invoke.DirectMethodHandle$Holder.invokeStatic(Ljava/lang/Object;Ljava/lang/Object;ILjava/lang/Object;)Ljava/lang/Object;> (0x00000007117a1c18) thrown at [t:/workspace/open/src/hotsp
Event: 0.480 Thread 0x000001d18a251000 Exception <a 'java/lang/NoSuchMethodError'{0x00000007117a8440}: java.lang.invoke.Invokers$Holder.linkToTargetMethod(Ljava/lang/Object;ILjava/lang/Object;Ljava/lang/Object;)Ljava/lang/Object;> (0x00000007117a8440) thrown at [t:/workspace/open/src/hotspot/s

Events (10 events):
Event: 0.498 Executing VM operation: RevokeBias
Event: 0.498 Executing VM operation: RevokeBias done
Event: 0.500 Executing VM operation: RevokeBias
Event: 0.500 Executing VM operation: RevokeBias done
Event: 0.500 loading class edu/wpi/cscore/VideoSource$Kind
Event: 0.500 loading class edu/wpi/cscore/VideoSource$Kind done
Event: 0.511 loading class java/util/Hashtable$ValueCollection
Event: 0.511 loading class java/util/Hashtable$ValueCollection done
Event: 0.511 loading class java/util/Collections$EmptyIterator
Event: 0.511 loading class java/util/Collections$EmptyIterator done


Dynamic libraries:
0x00007ff6794b0000 - 0x00007ff6794f5000 	C:\Users\Public\frc2019\jdk\bin\java.exe
0x00007ffaf11b0000 - 0x00007ffaf1390000 	C:\WINDOWS\SYSTEM32\ntdll.dll
0x00007ffaf0ff0000 - 0x00007ffaf109e000 	C:\WINDOWS\System32\KERNEL32.DLL
0x00007ffaee410000 - 0x00007ffaee676000 	C:\WINDOWS\System32\KERNELBASE.dll
0x00007ffaee800000 - 0x00007ffaee98f000 	C:\WINDOWS\System32\USER32.dll
0x00007ffaed630000 - 0x00007ffaed650000 	C:\WINDOWS\System32\win32u.dll
0x00007ffaeef80000 - 0x00007ffaeefa8000 	C:\WINDOWS\System32\GDI32.dll
0x00007ffaed650000 - 0x00007ffaed7e3000 	C:\WINDOWS\System32\gdi32full.dll
0x00007ffaed840000 - 0x00007ffaed8db000 	C:\WINDOWS\System32\msvcp_win.dll
0x00007ffaee2b0000 - 0x00007ffaee3a5000 	C:\WINDOWS\System32\ucrtbase.dll
0x00007ffade580000 - 0x00007ffade7e9000 	C:\WINDOWS\WinSxS\amd64_microsoft.windows.common-controls_6595b64144ccf1df_6.0.16299.967_none_15cddebc93602933\COMCTL32.dll
0x00007ffaf0ae0000 - 0x00007ffaf0b7d000 	C:\WINDOWS\System32\msvcrt.dll
0x00007ffaf07d0000 - 0x00007ffaf0ad6000 	C:\WINDOWS\System32\combase.dll
0x00007ffaeea40000 - 0x00007ffaeeb5f000 	C:\WINDOWS\System32\RPCRT4.dll
0x00007ffaed5b0000 - 0x00007ffaed622000 	C:\WINDOWS\System32\bcryptPrimitives.dll
0x00007ffaef160000 - 0x00007ffaef18d000 	C:\WINDOWS\System32\IMM32.DLL
0x00007ffaded20000 - 0x00007ffaded36000 	C:\Users\Public\frc2019\jdk\bin\vcruntime140.dll
0x00007ffab4b40000 - 0x00007ffab4bdb000 	C:\Users\Public\frc2019\jdk\bin\msvcp140.dll
0x00007ffa9b230000 - 0x00007ffa9bd71000 	C:\Users\Public\frc2019\jdk\bin\server\jvm.dll
0x00007ffaee990000 - 0x00007ffaeea31000 	C:\WINDOWS\System32\ADVAPI32.dll
0x00007ffaef100000 - 0x00007ffaef15b000 	C:\WINDOWS\System32\sechost.dll
0x00007ffaf07c0000 - 0x00007ffaf07c8000 	C:\WINDOWS\System32\PSAPI.DLL
0x00007ffaea5d0000 - 0x00007ffaea5f3000 	C:\WINDOWS\SYSTEM32\WINMM.dll
0x00007ffad69b0000 - 0x00007ffad69ba000 	C:\WINDOWS\SYSTEM32\VERSION.dll
0x00007ffad5e80000 - 0x00007ffad5e89000 	C:\WINDOWS\SYSTEM32\WSOCK32.dll
0x00007ffaf10a0000 - 0x00007ffaf110c000 	C:\WINDOWS\System32\WS2_32.dll
0x00007ffaea570000 - 0x00007ffaea59a000 	C:\WINDOWS\SYSTEM32\WINMMBASE.dll
0x00007ffaed7f0000 - 0x00007ffaed83a000 	C:\WINDOWS\System32\cfgmgr32.dll
0x00007ffaed540000 - 0x00007ffaed551000 	C:\WINDOWS\System32\kernel.appcore.dll
0x00007ffad3350000 - 0x00007ffad3361000 	C:\Users\Public\frc2019\jdk\bin\verify.dll
0x00007ffae0840000 - 0x00007ffae0a08000 	C:\WINDOWS\SYSTEM32\DBGHELP.DLL
0x00007ffad3600000 - 0x00007ffad3629000 	C:\WINDOWS\SYSTEM32\dbgcore.DLL
0x00007ffacd6c0000 - 0x00007ffacd6e8000 	C:\Users\Public\frc2019\jdk\bin\java.dll
0x00007ffaba4a0000 - 0x00007ffaba4d7000 	C:\Users\Public\frc2019\jdk\bin\jdwp.dll
0x00007fface6a0000 - 0x00007fface6b6000 	C:\Users\Public\frc2019\jdk\bin\zip.dll
0x00007ffae3ad0000 - 0x00007ffae3ada000 	C:\Users\Public\frc2019\jdk\bin\jimage.dll
0x00007ffaef210000 - 0x00007ffaf0648000 	C:\WINDOWS\System32\SHELL32.dll
0x00007ffaeefb0000 - 0x00007ffaef056000 	C:\WINDOWS\System32\shcore.dll
0x00007ffaed990000 - 0x00007ffaee0d7000 	C:\WINDOWS\System32\windows.storage.dll
0x00007ffaf0650000 - 0x00007ffaf06a1000 	C:\WINDOWS\System32\shlwapi.dll
0x00007ffaed560000 - 0x00007ffaed5ac000 	C:\WINDOWS\System32\powrprof.dll
0x00007ffaed500000 - 0x00007ffaed51b000 	C:\WINDOWS\System32\profapi.dll
0x00007ffad16a0000 - 0x00007ffad16aa000 	C:\Users\Public\frc2019\jdk\bin\dt_socket.dll
0x00007ffaecd30000 - 0x00007ffaecd96000 	C:\WINDOWS\System32\mswsock.dll
0x00007ffaecb00000 - 0x00007ffaecbb6000 	C:\WINDOWS\SYSTEM32\DNSAPI.dll
0x00007ffaee680000 - 0x00007ffaee688000 	C:\WINDOWS\System32\NSI.dll
0x00007ffaecac0000 - 0x00007ffaecaf9000 	C:\WINDOWS\SYSTEM32\IPHLPAPI.DLL
0x00000000501b0000 - 0x00000000501d6000 	C:\Program Files\Bonjour\mdnsNSP.dll
0x00000000501a0000 - 0x00000000501aa000 	C:\Program Files\National Instruments\Shared\mDNS Responder\nimdnsNSP.dll
0x0000000050190000 - 0x00000000501a0000 	C:\WINDOWS\SYSTEM32\nimdnsResponder.dll
0x00007ffae1f60000 - 0x00007ffae1fd0000 	C:\WINDOWS\System32\fwpuclnt.dll
0x00007ffaed050000 - 0x00007ffaed075000 	C:\WINDOWS\SYSTEM32\bcrypt.dll
0x00007ffae1120000 - 0x00007ffae112a000 	C:\Windows\System32\rasadhlp.dll
0x00007fface410000 - 0x00007fface429000 	C:\Users\Public\frc2019\jdk\bin\net.dll
0x00007ffae5a00000 - 0x00007ffae5ade000 	C:\WINDOWS\SYSTEM32\WINHTTP.dll
0x00007ffaccee0000 - 0x00007ffaccef3000 	C:\Users\Public\frc2019\jdk\bin\nio.dll
0x00007ffab9200000 - 0x00007ffab9261000 	C:\Users\nick\Desktop\final code 2019\converted\frc code\build\tmp\jniExtractDir\wpiHaljni.dll
0x00007ffab8d30000 - 0x00007ffab8d9f000 	C:\Users\nick\Desktop\final code 2019\converted\frc code\build\tmp\jniExtractDir\wpiHal.dll
0x00007ffab7c30000 - 0x00007ffab7d6b000 	C:\Users\nick\Desktop\final code 2019\converted\frc code\build\tmp\jniExtractDir\wpiutil.dll
0x00007ffaeec30000 - 0x00007ffaeed79000 	C:\WINDOWS\System32\ole32.dll
0x00007ffaed430000 - 0x00007ffaed459000 	C:\WINDOWS\SYSTEM32\USERENV.dll
0x00007ffacb150000 - 0x00007ffacb166000 	C:\Users\nick\Desktop\final code 2019\converted\frc code\build\tmp\jniExtractDir\cscorejni.dll
0x00007ffab8ab0000 - 0x00007ffab8b3c000 	C:\Users\nick\Desktop\final code 2019\converted\frc code\build\tmp\jniExtractDir\cscore.dll
0x00007ffab6ae0000 - 0x00007ffab6bbc000 	C:\Users\nick\Desktop\final code 2019\converted\frc code\build\tmp\jniExtractDir\opencv_imgcodecs344.dll
0x00007ffaaec50000 - 0x00007ffaaef4c000 	C:\Users\nick\Desktop\final code 2019\converted\frc code\build\tmp\jniExtractDir\opencv_core344.dll
0x00007ffae8f10000 - 0x00007ffae90c3000 	C:\WINDOWS\SYSTEM32\MFPlat.DLL
0x00007ffab4d00000 - 0x00007ffab4d93000 	C:\WINDOWS\SYSTEM32\MF.dll
0x00007ffabe140000 - 0x00007ffabe24a000 	C:\WINDOWS\SYSTEM32\MFReadWrite.dll
0x00007ffab8f50000 - 0x00007ffab8fa1000 	C:\Users\Public\frc2019\jdk\bin\CONCRT140.dll
0x00007ffaad510000 - 0x00007ffaad8c0000 	C:\Users\nick\Desktop\final code 2019\converted\frc code\build\tmp\jniExtractDir\opencv_imgproc344.dll
0x00007ffae7890000 - 0x00007ffae7cd7000 	C:\WINDOWS\SYSTEM32\MFCORE.DLL
0x00007ffaee0e0000 - 0x00007ffaee2ae000 	C:\WINDOWS\System32\CRYPT32.dll
0x00007ffaed520000 - 0x00007ffaed532000 	C:\WINDOWS\System32\MSASN1.dll
0x00007ffae8020000 - 0x00007ffae8029000 	C:\WINDOWS\SYSTEM32\ksuser.dll
0x00007ffaed080000 - 0x00007ffaed08b000 	C:\WINDOWS\SYSTEM32\CRYPTBASE.DLL
0x00007ffae8dc0000 - 0x00007ffae8df1000 	C:\WINDOWS\SYSTEM32\RTWorkQ.DLL
0x00007ffaaf580000 - 0x00007ffaaf6f8000 	C:\Users\nick\Desktop\final code 2019\converted\frc code\build\tmp\jniExtractDir\opencv_java344.dll
0x00007ffab4000000 - 0x00007ffab409b000 	C:\Users\nick\Desktop\final code 2019\converted\frc code\build\tmp\jniExtractDir\opencv_objdetect344.dll
0x00007ffab6a70000 - 0x00007ffab6ad7000 	C:\Users\nick\Desktop\final code 2019\converted\frc code\build\tmp\jniExtractDir\opencv_video344.dll
0x00007ffab3670000 - 0x00007ffab3765000 	C:\Users\nick\Desktop\final code 2019\converted\frc code\build\tmp\jniExtractDir\opencv_photo344.dll
0x00007ffaaf4b0000 - 0x00007ffaaf57a000 	C:\Users\nick\Desktop\final code 2019\converted\frc code\build\tmp\jniExtractDir\opencv_ml344.dll
0x00007ffaaeb80000 - 0x00007ffaaec46000 	C:\Users\nick\Desktop\final code 2019\converted\frc code\build\tmp\jniExtractDir\opencv_features2d344.dll
0x00007ffaadd50000 - 0x00007ffaadf4f000 	C:\Users\nick\Desktop\final code 2019\converted\frc code\build\tmp\jniExtractDir\opencv_calib3d344.dll
0x00007ffab32c0000 - 0x00007ffab3348000 	C:\Users\nick\Desktop\final code 2019\converted\frc code\build\tmp\jniExtractDir\opencv_flann344.dll
0x00007ffab25c0000 - 0x00007ffab263f000 	C:\Users\nick\Desktop\final code 2019\converted\frc code\build\tmp\jniExtractDir\opencv_videoio344.dll
0x00007ffaeeb60000 - 0x00007ffaeec25000 	C:\WINDOWS\System32\OLEAUT32.dll
0x00007ffacabe0000 - 0x00007ffacabf7000 	C:\Users\nick\Desktop\final code 2019\converted\frc code\build\tmp\jniExtractDir\ntcorejni.dll
0x00007ffaae740000 - 0x00007ffaae7e6000 	C:\Users\nick\Desktop\final code 2019\converted\frc code\build\tmp\jniExtractDir\ntcore.dll
0x00007ffae8130000 - 0x00007ffae813b000 	C:\WINDOWS\SYSTEM32\WINNSI.DLL
0x00007ffae6500000 - 0x00007ffae6516000 	C:\WINDOWS\SYSTEM32\dhcpcsvc6.DLL
0x00007ffae7fe0000 - 0x00007ffae7ffa000 	C:\WINDOWS\SYSTEM32\dhcpcsvc.DLL
0x00007ffaebcd0000 - 0x00007ffaebd65000 	C:\WINDOWS\system32\uxtheme.dll
0x00007ffaebda0000 - 0x00007ffaebdca000 	C:\WINDOWS\system32\dwmapi.dll
0x00007ffaef060000 - 0x00007ffaef0fe000 	C:\WINDOWS\System32\clbcatq.dll
0x00007ffab7f90000 - 0x00007ffab7fe0000 	C:\Windows\System32\FSClient.dll
0x00007ffae24f0000 - 0x00007ffae2526000 	C:\Windows\System32\MFSENSORGROUP.dll
0x00007ffaec360000 - 0x00007ffaec40f000 	C:\Windows\System32\dxgi.dll
0x00007ffaeaaf0000 - 0x00007ffaeadd2000 	C:\Windows\System32\d3d11.dll
0x00007ffae8db0000 - 0x00007ffae8dba000 	C:\WINDOWS\SYSTEM32\AVRT.dll

dbghelp: loaded successfully - version: 4.0.5 - missing functions: none
symbol engine: initialized successfully - sym options: 0x614 - pdb path: .;C:\Users\Public\frc2019\jdk\bin;C:\WINDOWS\SYSTEM32;C:\WINDOWS\WinSxS\amd64_microsoft.windows.common-controls_6595b64144ccf1df_6.0.16299.967_none_15cddebc93602933;C:\Users\Public\frc2019\jdk\bin\server;C:\Program Files\Bonjour;C:\Program Files\National Instruments\Shared\mDNS Responder;C:\Users\nick\Desktop\final code 2019\converted\frc code\build\tmp\jniExtractDir

VM Arguments:
jvm_args: -agentlib:jdwp=transport=dt_socket,server=n,suspend=y,address=localhost:57382 -Djava.library.path=C:\Users\nick\Desktop\final code 2019\converted\frc code\build\tmp\jniExtractDir -Dfile.encoding=UTF-8 
java_command: frc.robot.Main
java_class_path (initial): C:\Users\nick\Desktop\final code 2019\converted\frc code\bin\main;C:\Users\Public\frc2019\maven\edu\wpi\first\wpilibj\wpilibj-java\2019.1.1\wpilibj-java-2019.1.1.jar;C:\Users\Public\frc2019\maven\edu\wpi\first\ntcore\ntcore-java\2019.1.1\ntcore-java-2019.1.1.jar;C:\Users\Public\frc2019\maven\edu\wpi\first\wpiutil\wpiutil-java\2019.1.1\wpiutil-java-2019.1.1.jar;C:\Users\Public\frc2019\maven\edu\wpi\first\thirdparty\frc2019\opencv\opencv-java\3.4.4-4\opencv-java-3.4.4-4.jar;C:\Users\Public\frc2019\maven\edu\wpi\first\cscore\cscore-java\2019.1.1\cscore-java-2019.1.1.jar;C:\Users\Public\frc2019\maven\edu\wpi\first\cameraserver\cameraserver-java\2019.1.1\cameraserver-java-2019.1.1.jar;C:\Users\Public\frc2019\maven\edu\wpi\first\hal\hal-java\2019.1.1\hal-java-2019.1.1.jar;C:\Users\nick\.gradle\caches\modules-2\files-2.1\junit\junit\4.12\2973d150c0dc1fefe998f834810d68f278ea58ec\junit-4.12.jar;C:\Users\nick\.gradle\caches\modules-2\files-2.1\org.hamcrest\hamcrest-core\1.3\42a25dc3219429f0e5d060061f71acb49bf010a0\hamcrest-core-1.3.jar
Launcher Type: SUN_STANDARD

[Global flags]
     intx CICompilerCount                          = 4                                         {product} {ergonomic}
     uint ConcGCThreads                            = 2                                         {product} {ergonomic}
     uint G1ConcRefinementThreads                  = 8                                         {product} {ergonomic}
   size_t G1HeapRegionSize                         = 1048576                                   {product} {ergonomic}
    uintx GCDrainStackTargetSize                   = 64                                        {product} {ergonomic}
   size_t InitialHeapSize                          = 268435456                                 {product} {ergonomic}
   size_t MarkStackSize                            = 4194304                                   {product} {ergonomic}
   size_t MaxHeapSize                              = 4265607168                                {product} {ergonomic}
   size_t MaxNewSize                               = 2558525440                                {product} {ergonomic}
   size_t MinHeapDeltaBytes                        = 1048576                                   {product} {ergonomic}
    uintx NonNMethodCodeHeapSize                   = 5835340                                {pd product} {ergonomic}
    uintx NonProfiledCodeHeapSize                  = 122911450                              {pd product} {ergonomic}
    uintx ProfiledCodeHeapSize                     = 122911450                              {pd product} {ergonomic}
    uintx ReservedCodeCacheSize                    = 251658240                              {pd product} {ergonomic}
     bool SegmentedCodeCache                       = true                                      {product} {ergonomic}
     bool UseCompressedClassPointers               = true                                 {lp64_product} {ergonomic}
     bool UseCompressedOops                        = true                                 {lp64_product} {ergonomic}
     bool UseG1GC                                  = true                                      {product} {ergonomic}
     bool UseLargePagesIndividualAllocation        = false                                  {pd product} {ergonomic}

Logging:
Log output configuration:
 #0: stdout all=warning uptime,level,tags
 #1: stderr all=off uptime,level,tags

Environment Variables:
JAVA_HOME=C:\Users\Public\frc2019\jdk
PATH=C:\Users\nick\Desktop\final code 2019\converted\frc code\build\tmp\jniExtractDir
USERNAME=nick
OS=Windows_NT
PROCESSOR_IDENTIFIER=Intel64 Family 6 Model 58 Stepping 9, GenuineIntel



---------------  S Y S T E M  ---------------

OS: Windows 10 , 64 bit Build 16299 (10.0.16299.431)

CPU:total 8 (initial active 8) (4 cores per cpu, 2 threads per core) family 6 model 58 stepping 9, cmov, cx8, fxsr, mmx, sse, sse2, sse3, ssse3, sse4.1, sse4.2, popcnt, avx, aes, clmul, erms, ht, tsc, tscinvbit, tscinv

Memory: 4k page, system-wide physical 16266M (3896M free)
TotalPageFile size 21921M (AvailPageFile size 3762M)
current process WorkingSet (physical memory assigned to process): 55M, peak: 55M
current process commit charge ("private bytes"): 346M, peak: 346M

vm_info: OpenJDK 64-Bit Server VM (11.0.1+13) for windows-amd64 JRE (11.0.1+13), built on Oct  6 2018 13:18:13 by "mach5one" with MS VC++ 15.5 (VS2017)

END.
